{
  "RSpec": {
    "coverage": {
      "/Users/antoniocruz1/Desktop/code_projects_ruby/week11/rails_food_company_2/spec/features/add_product_pages_spec.rb": {
        "lines": [
          1,
          null,
          0,
          0,
          0,
          0,
          0,
          0,
          0,
          0,
          0,
          null,
          null,
          0,
          0,
          0,
          0,
          null,
          null
        ]
      },
      "/Users/antoniocruz1/Desktop/code_projects_ruby/week11/rails_food_company_2/spec/rails_helper.rb": {
        "lines": [
          null,
          1,
          1,
          1,
          null,
          0,
          0,
          null,
          null,
          null,
          null,
          null,
          null,
          null,
          null,
          null,
          null,
          null,
          null,
          null,
          null,
          null,
          null,
          null,
          null,
          null,
          null,
          0,
          null,
          0,
          0,
          null,
          0,
          null,
          0,
          null,
          null,
          null,
          null,
          0,
          null,
          null,
          null,
          null,
          null,
          null,
          null,
          null,
          null,
          null,
          null,
          null,
          null,
          null,
          null,
          null,
          null,
          0,
          null,
          null,
          0,
          null,
          null,
          null,
          0,
          0,
          0,
          0,
          null,
          null
        ]
      },
      "/Users/antoniocruz1/Desktop/code_projects_ruby/week11/rails_food_company_2/config/environment.rb": {
        "lines": [
          null,
          1,
          null,
          null,
          1
        ]
      },
      "/Users/antoniocruz1/Desktop/code_projects_ruby/week11/rails_food_company_2/config/application.rb": {
        "lines": [
          1,
          null,
          1,
          null,
          1,
          1,
          1,
          1,
          1,
          1,
          1,
          1,
          1,
          null,
          null,
          null,
          null,
          1,
          null,
          1,
          1,
          null,
          1,
          null,
          null,
          null,
          null,
          null,
          null,
          null,
          1,
          null,
          null
        ]
      },
      "/Users/antoniocruz1/Desktop/code_projects_ruby/week11/rails_food_company_2/config/boot.rb": {
        "lines": [
          1,
          null,
          1,
          1
        ]
      },
      "/Users/antoniocruz1/Desktop/code_projects_ruby/week11/rails_food_company_2/config/environments/test.rb": {
        "lines": [
          1,
          null,
          null,
          null,
          null,
          null,
          null,
          1,
          null,
          null,
          null,
          null,
          1,
          null,
          null,
          1,
          1,
          null,
          null,
          null,
          null,
          1,
          1,
          null,
          null,
          1,
          null,
          null,
          1,
          null,
          null,
          1,
          null,
          1,
          null,
          null,
          null,
          null,
          1,
          null,
          null,
          1,
          null,
          null,
          null,
          null
        ]
      },
      "/Users/antoniocruz1/Desktop/code_projects_ruby/week11/rails_food_company_2/config/initializers/application_controller_renderer.rb": {
        "lines": [
          null,
          null,
          null,
          null,
          null,
          null,
          null,
          null
        ]
      },
      "/Users/antoniocruz1/Desktop/code_projects_ruby/week11/rails_food_company_2/config/initializers/assets.rb": {
        "lines": [
          null,
          null,
          null,
          1,
          null,
          null,
          null,
          null,
          1,
          null,
          null,
          null,
          null,
          null
        ]
      },
      "/Users/antoniocruz1/Desktop/code_projects_ruby/week11/rails_food_company_2/config/initializers/backtrace_silencers.rb": {
        "lines": [
          null,
          null,
          null,
          null,
          null,
          null,
          null
        ]
      },
      "/Users/antoniocruz1/Desktop/code_projects_ruby/week11/rails_food_company_2/config/initializers/content_security_policy.rb": {
        "lines": [
          null,
          null,
          null,
          null,
          null,
          null,
          null,
          null,
          null,
          null,
          null,
          null,
          null,
          null,
          null,
          null,
          null,
          null,
          null,
          null,
          null,
          null,
          null,
          null,
          null
        ]
      },
      "/Users/antoniocruz1/Desktop/code_projects_ruby/week11/rails_food_company_2/config/initializers/cookies_serializer.rb": {
        "lines": [
          null,
          null,
          null,
          null,
          1
        ]
      },
      "/Users/antoniocruz1/Desktop/code_projects_ruby/week11/rails_food_company_2/config/initializers/filter_parameter_logging.rb": {
        "lines": [
          null,
          null,
          null,
          1
        ]
      },
      "/Users/antoniocruz1/Desktop/code_projects_ruby/week11/rails_food_company_2/config/initializers/inflections.rb": {
        "lines": [
          null,
          null,
          null,
          null,
          null,
          null,
          null,
          null,
          null,
          null,
          null,
          null,
          null,
          null,
          null,
          null
        ]
      },
      "/Users/antoniocruz1/Desktop/code_projects_ruby/week11/rails_food_company_2/config/initializers/mime_types.rb": {
        "lines": [
          null,
          null,
          null,
          null
        ]
      },
      "/Users/antoniocruz1/Desktop/code_projects_ruby/week11/rails_food_company_2/config/initializers/wrap_parameters.rb": {
        "lines": [
          null,
          null,
          null,
          null,
          null,
          null,
          1,
          2,
          null,
          null,
          null,
          null,
          null,
          null
        ]
      },
      "/Users/antoniocruz1/Desktop/code_projects_ruby/week11/rails_food_company_2/app/channels/application_cable/channel.rb": {
        "lines": [
          1,
          1,
          null,
          null
        ]
      },
      "/Users/antoniocruz1/Desktop/code_projects_ruby/week11/rails_food_company_2/app/channels/application_cable/connection.rb": {
        "lines": [
          1,
          1,
          null,
          null
        ]
      },
      "/Users/antoniocruz1/Desktop/code_projects_ruby/week11/rails_food_company_2/app/controllers/application_controller.rb": {
        "lines": [
          1,
          1,
          0,
          null,
          0,
          0,
          0,
          null,
          null,
          null,
          0,
          0,
          0,
          0,
          null,
          null,
          null
        ]
      },
      "/Users/antoniocruz1/Desktop/code_projects_ruby/week11/rails_food_company_2/app/helpers/application_helper.rb": {
        "lines": [
          1,
          null
        ]
      },
      "/Users/antoniocruz1/Desktop/code_projects_ruby/week11/rails_food_company_2/spec/features/add_review_pages_spec.rb": {
        "lines": [
          1,
          null,
          0,
          0,
          0,
          null,
          null,
          0,
          0,
          0,
          0,
          0,
          0,
          0,
          0,
          null,
          null
        ]
      },
      "/Users/antoniocruz1/Desktop/code_projects_ruby/week11/rails_food_company_2/spec/features/delete_product_pages_spec.rb": {
        "lines": [
          1,
          null,
          0,
          0,
          0,
          null,
          null,
          0,
          0,
          0,
          0,
          null,
          null
        ]
      },
      "/Users/antoniocruz1/Desktop/code_projects_ruby/week11/rails_food_company_2/spec/models/product_spec.rb": {
        "lines": [
          1,
          null,
          0,
          0,
          0,
          0,
          0,
          null
        ]
      },
      "/Users/antoniocruz1/Desktop/code_projects_ruby/week11/rails_food_company_2/spec/models/review_spec.rb": {
        "lines": [
          1,
          null,
          0,
          0,
          0,
          0,
          0,
          0,
          0,
          0,
          0,
          0,
          null
        ]
      }
    },
    "timestamp": 1591573074
  }
}
